time="2025-01-21T13:01:08+01:00" level=warning msg="The \"laravel\" variable is not set. Defaulting to a blank string."
time="2025-01-21T13:01:08+01:00" level=warning msg="The \"laravel\" variable is not set. Defaulting to a blank string."
Obteniendo el clima para: Bilbao
Clima de  insertado correctamente en la base de datos.
Obteniendo el clima para: Donostia
Clima de  insertado correctamente en la base de datos.
Obteniendo el clima para: Vitoria-Gasteiz
Clima de  insertado correctamente en la base de datos.
Obteniendo el clima para: Eibar
Clima de  insertado correctamente en la base de datos.
Obteniendo el clima para: Irun
Clima de  insertado correctamente en la base de datos.
time="2025-01-21T13:02:08+01:00" level=warning msg="The \"laravel\" variable is not set. Defaulting to a blank string."
time="2025-01-21T13:02:08+01:00" level=warning msg="The \"laravel\" variable is not set. Defaulting to a blank string."
Obteniendo el clima para: Bilbao
Clima de  insertado correctamente en la base de datos.
Obteniendo el clima para: Donostia
Clima de  insertado correctamente en la base de datos.
Obteniendo el clima para: Vitoria-Gasteiz
Clima de  insertado correctamente en la base de datos.
Obteniendo el clima para: Eibar
Clima de  insertado correctamente en la base de datos.
Obteniendo el clima para: Irun
Clima de  insertado correctamente en la base de datos.
time="2025-01-21T13:03:05+01:00" level=warning msg="The \"laravel\" variable is not set. Defaulting to a blank string."
time="2025-01-21T13:03:05+01:00" level=warning msg="The \"laravel\" variable is not set. Defaulting to a blank string."
Obteniendo el clima para: Bilbao
Clima de  insertado correctamente en la base de datos.
Obteniendo el clima para: Donostia
Clima de  insertado correctamente en la base de datos.
Obteniendo el clima para: Vitoria-Gasteiz
Clima de  insertado correctamente en la base de datos.
Obteniendo el clima para: Eibar
Clima de  insertado correctamente en la base de datos.
Obteniendo el clima para: Irun
Clima de  insertado correctamente en la base de datos.
